<?xml version="1.0" encoding="UTF-8"?>
<!-- Generated by org.testng.reporters.JUnitReportReporter -->
<testsuite hostname="Aarti_laptop" failures="0" tests="1" name="Mavenpackage.Maven2" time="6.372" errors="0" timestamp="2023-04-25T21:30:38 CDT" skipped="0">
  <testcase classname="Mavenpackage.Maven2" name="Seleniumtest" time="6.372"/>
  <system-out/>
</testsuite> <!-- Mavenpackage.Maven2 -->
