<?xml version="1.0" encoding="UTF-8"?>
<!-- Generated by org.testng.reporters.JUnitReportReporter -->
<testsuite hostname="Aarti_laptop" failures="0" tests="1" name="Mavenpackage.Maven1" time="0.006" errors="0" timestamp="2023-04-25T21:26:20 CDT" skipped="0">
  <testcase classname="Mavenpackage.Maven1" name="test1" time="0.006"/>
  <system-out/>
</testsuite> <!-- Mavenpackage.Maven1 -->
